<?xml version="1.0" encoding="UTF-8"?>
<!-- Generated by org.testng.reporters.JUnitReportReporter -->
<testsuite skipped="0" hostname="LAPTOP-37U5HGM7" name="com.gcr.scripts.ExploreUs_Scripts" tests="1" failures="0" timestamp="2022-06-21T12:39:34 IST" time="12.423" errors="0">
  <testcase name="ExploreUs_ScriptsTestCase" time="12.423" classname="com.gcr.scripts.ExploreUs_Scripts"/>
  <system-out/>
</testsuite> <!-- com.gcr.scripts.ExploreUs_Scripts -->
