<?xml version="1.0" encoding="UTF-8"?>
<!-- Generated by org.testng.reporters.JUnitReportReporter -->
<testsuite skipped="0" hostname="LAPTOP-37U5HGM7" name="com.gcr.scripts.JQueryFunctions" tests="1" failures="0" timestamp="2022-02-15T13:16:53 IST" time="0.033" errors="0">
  <testcase name="JqueryFrameTestCase" time="0.033" classname="com.gcr.scripts.JQueryFunctions"/>
  <system-out/>
</testsuite> <!-- com.gcr.scripts.JQueryFunctions -->
