<?xml version="1.0" encoding="UTF-8"?>
<!-- Generated by org.testng.reporters.JUnitReportReporter -->
<testsuite skipped="0" hostname="LAPTOP-37U5HGM7" name="com.gcr.scripts.AddProductToCartGC" tests="1" failures="0" timestamp="2022-02-24T15:16:10 IST" time="19.550" errors="0">
  <testcase name="AddProductToCartGCTestCase" time="19.550" classname="com.gcr.scripts.AddProductToCartGC"/>
  <system-out/>
</testsuite> <!-- com.gcr.scripts.AddProductToCartGC -->
