<?xml version="1.0" encoding="UTF-8"?>
<!-- Generated by org.testng.reporters.JUnitReportReporter -->
<testsuite skipped="0" hostname="LAPTOP-37U5HGM7" name="com.gcr.scripts.Registration" tests="1" failures="0" timestamp="2022-04-19T13:29:15 IST" time="14.029" errors="0">
  <testcase name="RegistrationTestCase" time="14.029" classname="com.gcr.scripts.Registration"/>
  <system-out/>
</testsuite> <!-- com.gcr.scripts.Registration -->
