<?xml version="1.0" encoding="UTF-8"?>
<!-- Generated by org.testng.reporters.JUnitReportReporter -->
<testsuite skipped="0" hostname="LAPTOP-37U5HGM7" name="basics.TextBook" tests="1" failures="0" timestamp="2022-02-22T16:17:48 IST" time="7.824" errors="0">
  <testcase name="testTextBook" time="7.824" classname="basics.TextBook"/>
  <system-out/>
</testsuite> <!-- basics.TextBook -->
