<?xml version="1.0" encoding="UTF-8"?>
<!-- Generated by org.testng.reporters.JUnitReportReporter -->
<testsuite skipped="0" hostname="LAPTOP-37U5HGM7" name="com.gcr.scripts.AddProducttoCartAS" tests="1" failures="0" timestamp="2022-03-16T16:09:53 IST" time="27.498" errors="0">
  <testcase name="AddProductToCartDLTestCase" time="27.498" classname="com.gcr.scripts.AddProducttoCartAS"/>
  <system-out/>
</testsuite> <!-- com.gcr.scripts.AddProducttoCartAS -->
