<?xml version="1.0" encoding="UTF-8"?>
<!-- Generated by org.testng.reporters.JUnitReportReporter -->
<testsuite skipped="0" hostname="LAPTOP-37U5HGM7" name="com.gcr.scripts.AddProductToCartDL" tests="1" failures="0" timestamp="2022-02-24T17:42:33 IST" time="22.070" errors="0">
  <testcase name="AddProductToCartDLTestCase" time="22.070" classname="com.gcr.scripts.AddProductToCartDL"/>
  <system-out/>
</testsuite> <!-- com.gcr.scripts.AddProductToCartDL -->
