<?xml version="1.0" encoding="UTF-8"?>
<!-- Generated by org.testng.reporters.JUnitReportReporter -->
<testsuite skipped="0" hostname="LAPTOP-37U5HGM7" name="com.gcr.scripts.AutomationContactUs" tests="1" failures="0" timestamp="2022-02-16T20:20:02 IST" time="16.175" errors="0">
  <testcase name="AutomationContactUsTestCase" time="16.175" classname="com.gcr.scripts.AutomationContactUs"/>
  <system-out/>
</testsuite> <!-- com.gcr.scripts.AutomationContactUs -->
