<?xml version="1.0" encoding="UTF-8"?>
<!-- Generated by org.testng.reporters.JUnitReportReporter -->
<testsuite skipped="0" hostname="LAPTOP-37U5HGM7" name="com.gcr.scripts.TizagAlert" tests="1" failures="0" timestamp="2022-02-16T20:21:55 IST" time="7.877" errors="0">
  <testcase name="TizagAlertTestCase" time="7.877" classname="com.gcr.scripts.TizagAlert"/>
  <system-out/>
</testsuite> <!-- com.gcr.scripts.TizagAlert -->
